<?xml version="1.0" encoding="UTF-8"?>
<testng-results ignored="0" total="1" passed="1" failed="0" skipped="0">
  <reporter-output>
  </reporter-output>
  <suite started-at="2022-04-28T16:52:48 COT" name="Default suite" finished-at="2022-04-28T16:53:09 COT" duration-ms="20609">
    <groups>
      <group name="cucumber">
        <method signature="AbstractTestNGCucumberTests.runScenario(io.cucumber.testng.PickleWrapper,io.cucumber.testng.FeatureWrapper)[pri:0, instance:cucumberOptions.TestNGTestRunner@67c27493]" name="runScenario" class="io.cucumber.testng.AbstractTestNGCucumberTests"/>
      </group> <!-- cucumber -->
    </groups>
    <test started-at="2022-04-28T16:52:48 COT" name="Default test" finished-at="2022-04-28T16:53:09 COT" duration-ms="20609">
      <class name="cucumberOptions.TestNGTestRunner">
        <test-method is-config="true" signature="setUpClass(org.testng.ITestContext)[pri:0, instance:cucumberOptions.TestNGTestRunner@67c27493]" started-at="2022-04-28T16:52:48 COT" name="setUpClass" finished-at="2022-04-28T16:52:50 COT" duration-ms="1884" status="PASS">
          <params>
            <param index="0">
              <value>
                <![CDATA[org.testng.TestRunner@629f066f]]>
              </value>
            </param>
          </params>
          <reporter-output>
          </reporter-output>
        </test-method> <!-- setUpClass -->
        <test-method signature="runScenario(io.cucumber.testng.PickleWrapper,io.cucumber.testng.FeatureWrapper)[pri:0, instance:cucumberOptions.TestNGTestRunner@67c27493]" started-at="2022-04-28T16:52:50 COT" name="runScenario" description="Runs Cucumber Scenarios" data-provider="scenarios" finished-at="2022-04-28T16:53:08 COT" duration-ms="17715" status="PASS">
          <params>
            <param index="0">
              <value>
                <![CDATA["Add new ESS user"]]>
              </value>
            </param>
            <param index="1">
              <value>
                <![CDATA["Optional[Manage Orange HRM users]"]]>
              </value>
            </param>
          </params>
          <reporter-output>
          </reporter-output>
        </test-method> <!-- runScenario -->
        <test-method is-config="true" signature="tearDownClass()[pri:0, instance:cucumberOptions.TestNGTestRunner@67c27493]" started-at="2022-04-28T16:53:08 COT" name="tearDownClass" finished-at="2022-04-28T16:53:09 COT" duration-ms="913" status="PASS">
          <reporter-output>
          </reporter-output>
        </test-method> <!-- tearDownClass -->
      </class> <!-- cucumberOptions.TestNGTestRunner -->
    </test> <!-- Default test -->
  </suite> <!-- Default suite -->
</testng-results>
